Start testing: Feb 17 10:36 PST
----------------------------------------------------------
1/16 Testing: assert-test
1/16 Test: assert-test
Command: "/home/tadrith/lcc/cis162cpp/fmt/bin/assert-test"
Directory: /home/tadrith/lcc/cis162cpp/fmt/test
"assert-test" start time: Feb 17 10:36 PST
Output:
----------------------------------------------------------
[==========] Running 1 test from 1 test case.
[----------] Global test environment set-up.
[----------] 1 test from AssertTest
[ RUN      ] AssertTest.Fail
[       OK ] AssertTest.Fail (0 ms)
[----------] 1 test from AssertTest (0 ms total)

[----------] Global test environment tear-down
[==========] 1 test from 1 test case ran. (0 ms total)
[  PASSED  ] 1 test.
<end of output>
Test time =   0.01 sec
----------------------------------------------------------
Test Passed.
"assert-test" end time: Feb 17 10:36 PST
"assert-test" time elapsed: 00:00:00
----------------------------------------------------------

2/16 Testing: chrono-test
2/16 Test: chrono-test
Command: "/home/tadrith/lcc/cis162cpp/fmt/bin/chrono-test"
Directory: /home/tadrith/lcc/cis162cpp/fmt/test
"chrono-test" start time: Feb 17 10:36 PST
Output:
----------------------------------------------------------
[==========] Running 11 tests from 1 test case.
[----------] Global test environment set-up.
[----------] 11 tests from ChronoTest
[ RUN      ] ChronoTest.FormatDefault
[       OK ] ChronoTest.FormatDefault (0 ms)
[ RUN      ] ChronoTest.Align
[       OK ] ChronoTest.Align (0 ms)
[ RUN      ] ChronoTest.FormatSpecs
[       OK ] ChronoTest.FormatSpecs (0 ms)
[ RUN      ] ChronoTest.InvalidSpecs
[       OK ] ChronoTest.InvalidSpecs (0 ms)
[ RUN      ] ChronoTest.Locale
ja_JP.utf8 locale is missing.
[       OK ] ChronoTest.Locale (11 ms)
[ RUN      ] ChronoTest.FormatDefaultFP
[       OK ] ChronoTest.FormatDefaultFP (0 ms)
[ RUN      ] ChronoTest.FormatPrecision
[       OK ] ChronoTest.FormatPrecision (0 ms)
[ RUN      ] ChronoTest.FormatFullSpecs
[       OK ] ChronoTest.FormatFullSpecs (0 ms)
[ RUN      ] ChronoTest.FormatSimpleQq
[       OK ] ChronoTest.FormatSimpleQq (0 ms)
[ RUN      ] ChronoTest.FormatPrecisionQq
[       OK ] ChronoTest.FormatPrecisionQq (0 ms)
[ RUN      ] ChronoTest.FormatFullSpecsQq
[       OK ] ChronoTest.FormatFullSpecsQq (0 ms)
[----------] 11 tests from ChronoTest (12 ms total)

[----------] Global test environment tear-down
[==========] 11 tests from 1 test case ran. (12 ms total)
[  PASSED  ] 11 tests.
<end of output>
Test time =   0.02 sec
----------------------------------------------------------
Test Passed.
"chrono-test" end time: Feb 17 10:36 PST
"chrono-test" time elapsed: 00:00:00
----------------------------------------------------------

3/16 Testing: core-test
3/16 Test: core-test
Command: "/home/tadrith/lcc/cis162cpp/fmt/bin/core-test"
Directory: /home/tadrith/lcc/cis162cpp/fmt/test
"core-test" start time: Feb 17 10:36 PST
Output:
----------------------------------------------------------
[==========] Running 47 tests from 23 test cases.
[----------] Global test environment set-up.
[----------] 9 tests from BufferTest
[ RUN      ] BufferTest.Noncopyable
[       OK ] BufferTest.Noncopyable (0 ms)
[ RUN      ] BufferTest.Nonmoveable
[       OK ] BufferTest.Nonmoveable (0 ms)
[ RUN      ] BufferTest.Ctor
[       OK ] BufferTest.Ctor (0 ms)
[ RUN      ] BufferTest.VirtualDtor
[       OK ] BufferTest.VirtualDtor (0 ms)
[ RUN      ] BufferTest.Access
[       OK ] BufferTest.Access (0 ms)
[ RUN      ] BufferTest.Resize
[       OK ] BufferTest.Resize (0 ms)
[ RUN      ] BufferTest.Clear
[       OK ] BufferTest.Clear (0 ms)
[ RUN      ] BufferTest.Append
[       OK ] BufferTest.Append (0 ms)
[ RUN      ] BufferTest.AppendAllocatesEnoughStorage
[       OK ] BufferTest.AppendAllocatesEnoughStorage (0 ms)
[----------] 9 tests from BufferTest (0 ms total)

[----------] 8 tests from ArgTest
[ RUN      ] ArgTest.FormatArgs
[       OK ] ArgTest.FormatArgs (0 ms)
[ RUN      ] ArgTest.MakeValueWithCustomContext
[       OK ] ArgTest.MakeValueWithCustomContext (0 ms)
[ RUN      ] ArgTest.CharArg
[       OK ] ArgTest.CharArg (0 ms)
[ RUN      ] ArgTest.StringArg
[       OK ] ArgTest.StringArg (0 ms)
[ RUN      ] ArgTest.WStringArg
[       OK ] ArgTest.WStringArg (1 ms)
[ RUN      ] ArgTest.PointerArg
[       OK ] ArgTest.PointerArg (0 ms)
[ RUN      ] ArgTest.CustomArg
[       OK ] ArgTest.CustomArg (0 ms)
[ RUN      ] ArgTest.VisitInvalidArg
[       OK ] ArgTest.VisitInvalidArg (0 ms)
[----------] 8 tests from ArgTest (1 ms total)

[----------] 1 test from NumericArgTest/0, where TypeParam = bool
[ RUN      ] NumericArgTest/0.MakeAndVisit
[       OK ] NumericArgTest/0.MakeAndVisit (0 ms)
[----------] 1 test from NumericArgTest/0 (0 ms total)

[----------] 1 test from NumericArgTest/1, where TypeParam = signed char
[ RUN      ] NumericArgTest/1.MakeAndVisit
[       OK ] NumericArgTest/1.MakeAndVisit (1 ms)
[----------] 1 test from NumericArgTest/1 (1 ms total)

[----------] 1 test from NumericArgTest/2, where TypeParam = unsigned char
[ RUN      ] NumericArgTest/2.MakeAndVisit
[       OK ] NumericArgTest/2.MakeAndVisit (0 ms)
[----------] 1 test from NumericArgTest/2 (0 ms total)

[----------] 1 test from NumericArgTest/3, where TypeParam = int
[ RUN      ] NumericArgTest/3.MakeAndVisit
[       OK ] NumericArgTest/3.MakeAndVisit (0 ms)
[----------] 1 test from NumericArgTest/3 (0 ms total)

[----------] 1 test from NumericArgTest/4, where TypeParam = unsigned short
[ RUN      ] NumericArgTest/4.MakeAndVisit
[       OK ] NumericArgTest/4.MakeAndVisit (1 ms)
[----------] 1 test from NumericArgTest/4 (1 ms total)

[----------] 1 test from NumericArgTest/5, where TypeParam = int
[ RUN      ] NumericArgTest/5.MakeAndVisit
[       OK ] NumericArgTest/5.MakeAndVisit (0 ms)
[----------] 1 test from NumericArgTest/5 (0 ms total)

[----------] 1 test from NumericArgTest/6, where TypeParam = unsigned int
[ RUN      ] NumericArgTest/6.MakeAndVisit
[       OK ] NumericArgTest/6.MakeAndVisit (0 ms)
[----------] 1 test from NumericArgTest/6 (0 ms total)

[----------] 1 test from NumericArgTest/7, where TypeParam = long
[ RUN      ] NumericArgTest/7.MakeAndVisit
[       OK ] NumericArgTest/7.MakeAndVisit (1 ms)
[----------] 1 test from NumericArgTest/7 (1 ms total)

[----------] 1 test from NumericArgTest/8, where TypeParam = unsigned long
[ RUN      ] NumericArgTest/8.MakeAndVisit
[       OK ] NumericArgTest/8.MakeAndVisit (0 ms)
[----------] 1 test from NumericArgTest/8 (0 ms total)

[----------] 1 test from NumericArgTest/9, where TypeParam = long long
[ RUN      ] NumericArgTest/9.MakeAndVisit
[       OK ] NumericArgTest/9.MakeAndVisit (0 ms)
[----------] 1 test from NumericArgTest/9 (0 ms total)

[----------] 1 test from NumericArgTest/10, where TypeParam = unsigned long long
[ RUN      ] NumericArgTest/10.MakeAndVisit
[       OK ] NumericArgTest/10.MakeAndVisit (0 ms)
[----------] 1 test from NumericArgTest/10 (0 ms total)

[----------] 1 test from NumericArgTest/11, where TypeParam = float
[ RUN      ] NumericArgTest/11.MakeAndVisit
[       OK ] NumericArgTest/11.MakeAndVisit (1 ms)
[----------] 1 test from NumericArgTest/11 (1 ms total)

[----------] 1 test from NumericArgTest/12, where TypeParam = double
[ RUN      ] NumericArgTest/12.MakeAndVisit
[       OK ] NumericArgTest/12.MakeAndVisit (0 ms)
[----------] 1 test from NumericArgTest/12 (0 ms total)

[----------] 1 test from NumericArgTest/13, where TypeParam = long double
[ RUN      ] NumericArgTest/13.MakeAndVisit
[       OK ] NumericArgTest/13.MakeAndVisit (0 ms)
[----------] 1 test from NumericArgTest/13 (0 ms total)

[----------] 2 tests from StringViewTest
[ RUN      ] StringViewTest.Length
[       OK ] StringViewTest.Length (0 ms)
[ RUN      ] StringViewTest.Compare
[       OK ] StringViewTest.Compare (0 ms)
[----------] 2 tests from StringViewTest (0 ms total)

[----------] 6 tests from CoreTest
[ RUN      ] CoreTest.ConvertToInt
[       OK ] CoreTest.ConvertToInt (0 ms)
[ RUN      ] CoreTest.IsEnumConvertibleToInt
[       OK ] CoreTest.IsEnumConvertibleToInt (0 ms)
[ RUN      ] CoreTest.Format
[       OK ] CoreTest.Format (0 ms)
[ RUN      ] CoreTest.FormatTo
[       OK ] CoreTest.FormatTo (0 ms)
[ RUN      ] CoreTest.ToStringViewForeignStrings
[       OK ] CoreTest.ToStringViewForeignStrings (0 ms)
[ RUN      ] CoreTest.FormatForeignStrings
[       OK ] CoreTest.FormatForeignStrings (0 ms)
[----------] 6 tests from CoreTest (1 ms total)

[----------] 1 test from IsStringTest/0, where TypeParam = char
[ RUN      ] IsStringTest/0.IsString
[       OK ] IsStringTest/0.IsString (0 ms)
[----------] 1 test from IsStringTest/0 (0 ms total)

[----------] 1 test from IsStringTest/1, where TypeParam = wchar_t
[ RUN      ] IsStringTest/1.IsString
[       OK ] IsStringTest/1.IsString (0 ms)
[----------] 1 test from IsStringTest/1 (0 ms total)

[----------] 1 test from IsStringTest/2, where TypeParam = char16_t
[ RUN      ] IsStringTest/2.IsString
[       OK ] IsStringTest/2.IsString (0 ms)
[----------] 1 test from IsStringTest/2 (0 ms total)

[----------] 1 test from IsStringTest/3, where TypeParam = char32_t
[ RUN      ] IsStringTest/3.IsString
[       OK ] IsStringTest/3.IsString (0 ms)
[----------] 1 test from IsStringTest/3 (0 ms total)

[----------] 4 tests from FormatterTest
[ RUN      ] FormatterTest.FormatImplicitlyConvertibleToStringView
[       OK ] FormatterTest.FormatImplicitlyConvertibleToStringView (0 ms)
[ RUN      ] FormatterTest.FormatExplicitlyConvertibleToStringView
[       OK ] FormatterTest.FormatExplicitlyConvertibleToStringView (0 ms)
[ RUN      ] FormatterTest.FormatExplicitlyConvertibleToWStringView
[       OK ] FormatterTest.FormatExplicitlyConvertibleToWStringView (0 ms)
[ RUN      ] FormatterTest.FormatExplicitlyConvertibleToStringLike
[       OK ] FormatterTest.FormatExplicitlyConvertibleToStringLike (0 ms)
[----------] 4 tests from FormatterTest (0 ms total)

[----------] Global test environment tear-down
[==========] 47 tests from 23 test cases ran. (7 ms total)
[  PASSED  ] 47 tests.
<end of output>
Test time =   0.01 sec
----------------------------------------------------------
Test Passed.
"core-test" end time: Feb 17 10:36 PST
"core-test" time elapsed: 00:00:00
----------------------------------------------------------

4/16 Testing: grisu-test
4/16 Test: grisu-test
Command: "/home/tadrith/lcc/cis162cpp/fmt/bin/grisu-test"
Directory: /home/tadrith/lcc/cis162cpp/fmt/test
"grisu-test" start time: Feb 17 10:36 PST
Output:
----------------------------------------------------------
[==========] Running 5 tests from 1 test case.
[----------] Global test environment set-up.
[----------] 5 tests from GrisuTest
[ RUN      ] GrisuTest.NaN
[       OK ] GrisuTest.NaN (0 ms)
[ RUN      ] GrisuTest.Inf
[       OK ] GrisuTest.Inf (0 ms)
[ RUN      ] GrisuTest.Zero
[       OK ] GrisuTest.Zero (0 ms)
[ RUN      ] GrisuTest.Round
[       OK ] GrisuTest.Round (0 ms)
[ RUN      ] GrisuTest.Prettify
[       OK ] GrisuTest.Prettify (0 ms)
[----------] 5 tests from GrisuTest (0 ms total)

[----------] Global test environment tear-down
[==========] 5 tests from 1 test case ran. (0 ms total)
[  PASSED  ] 5 tests.
<end of output>
Test time =   0.00 sec
----------------------------------------------------------
Test Passed.
"grisu-test" end time: Feb 17 10:36 PST
"grisu-test" time elapsed: 00:00:00
----------------------------------------------------------

5/16 Testing: gtest-extra-test
5/16 Test: gtest-extra-test
Command: "/home/tadrith/lcc/cis162cpp/fmt/bin/gtest-extra-test"
Directory: /home/tadrith/lcc/cis162cpp/fmt/test
"gtest-extra-test" start time: Feb 17 10:36 PST
Output:
----------------------------------------------------------
[==========] Running 25 tests from 9 test cases.
[----------] Global test environment set-up.
[----------] 6 tests from SingleEvaluationTest
[ RUN      ] SingleEvaluationTest.FailedEXPECT_THROW_MSG
[       OK ] SingleEvaluationTest.FailedEXPECT_THROW_MSG (0 ms)
[ RUN      ] SingleEvaluationTest.FailedEXPECT_SYSTEM_ERROR
[       OK ] SingleEvaluationTest.FailedEXPECT_SYSTEM_ERROR (0 ms)
[ RUN      ] SingleEvaluationTest.FailedEXPECT_WRITE
[       OK ] SingleEvaluationTest.FailedEXPECT_WRITE (0 ms)
[ RUN      ] SingleEvaluationTest.ExceptionTests
[       OK ] SingleEvaluationTest.ExceptionTests (0 ms)
[ RUN      ] SingleEvaluationTest.SystemErrorTests
[       OK ] SingleEvaluationTest.SystemErrorTests (0 ms)
[ RUN      ] SingleEvaluationTest.WriteTests
[       OK ] SingleEvaluationTest.WriteTests (0 ms)
[----------] 6 tests from SingleEvaluationTest (0 ms total)

[----------] 1 test from ExpectThrowTest
[ RUN      ] ExpectThrowTest.DoesNotGenerateUnreachableCodeWarning
[       OK ] ExpectThrowTest.DoesNotGenerateUnreachableCodeWarning (0 ms)
[----------] 1 test from ExpectThrowTest (0 ms total)

[----------] 1 test from ExpectSystemErrorTest
[ RUN      ] ExpectSystemErrorTest.DoesNotGenerateUnreachableCodeWarning
[       OK ] ExpectSystemErrorTest.DoesNotGenerateUnreachableCodeWarning (0 ms)
[----------] 1 test from ExpectSystemErrorTest (0 ms total)

[----------] 3 tests from AssertionSyntaxTest
[ RUN      ] AssertionSyntaxTest.ExceptionAssertionBehavesLikeSingleStatement
[       OK ] AssertionSyntaxTest.ExceptionAssertionBehavesLikeSingleStatement (0 ms)
[ RUN      ] AssertionSyntaxTest.SystemErrorAssertionBehavesLikeSingleStatement
[       OK ] AssertionSyntaxTest.SystemErrorAssertionBehavesLikeSingleStatement (0 ms)
[ RUN      ] AssertionSyntaxTest.WriteAssertionBehavesLikeSingleStatement
[       OK ] AssertionSyntaxTest.WriteAssertionBehavesLikeSingleStatement (1 ms)
[----------] 3 tests from AssertionSyntaxTest (1 ms total)

[----------] 3 tests from ExpectTest
[ RUN      ] ExpectTest.EXPECT_THROW_MSG
[       OK ] ExpectTest.EXPECT_THROW_MSG (0 ms)
[ RUN      ] ExpectTest.EXPECT_SYSTEM_ERROR
[       OK ] ExpectTest.EXPECT_SYSTEM_ERROR (0 ms)
[ RUN      ] ExpectTest.EXPECT_WRITE
[       OK ] ExpectTest.EXPECT_WRITE (0 ms)
[----------] 3 tests from ExpectTest (0 ms total)

[----------] 3 tests from StreamingAssertionsTest
[ RUN      ] StreamingAssertionsTest.EXPECT_THROW_MSG
[       OK ] StreamingAssertionsTest.EXPECT_THROW_MSG (0 ms)
[ RUN      ] StreamingAssertionsTest.EXPECT_SYSTEM_ERROR
[       OK ] StreamingAssertionsTest.EXPECT_SYSTEM_ERROR (0 ms)
[ RUN      ] StreamingAssertionsTest.EXPECT_WRITE
[       OK ] StreamingAssertionsTest.EXPECT_WRITE (0 ms)
[----------] 3 tests from StreamingAssertionsTest (0 ms total)

[----------] 1 test from UtilTest
[ RUN      ] UtilTest.FormatSystemError
[       OK ] UtilTest.FormatSystemError (0 ms)
[----------] 1 test from UtilTest (0 ms total)

[----------] 1 test from ErrorCodeTest
[ RUN      ] ErrorCodeTest.Ctor
[       OK ] ErrorCodeTest.Ctor (0 ms)
[----------] 1 test from ErrorCodeTest (0 ms total)

[----------] 6 tests from OutputRedirectTest
[ RUN      ] OutputRedirectTest.ScopedRedirect
[       OK ] OutputRedirectTest.ScopedRedirect (0 ms)
[ RUN      ] OutputRedirectTest.FlushErrorInCtor
[       OK ] OutputRedirectTest.FlushErrorInCtor (0 ms)
[ RUN      ] OutputRedirectTest.DupErrorInCtor
[       OK ] OutputRedirectTest.DupErrorInCtor (0 ms)
[ RUN      ] OutputRedirectTest.RestoreAndRead
[       OK ] OutputRedirectTest.RestoreAndRead (0 ms)
[ RUN      ] OutputRedirectTest.FlushErrorInRestoreAndRead
[       OK ] OutputRedirectTest.FlushErrorInRestoreAndRead (0 ms)
[ RUN      ] OutputRedirectTest.ErrorInDtor
[       OK ] OutputRedirectTest.ErrorInDtor (0 ms)
[----------] 6 tests from OutputRedirectTest (0 ms total)

[----------] Global test environment tear-down
[==========] 25 tests from 9 test cases ran. (1 ms total)
[  PASSED  ] 25 tests.
<end of output>
Test time =   0.00 sec
----------------------------------------------------------
Test Passed.
"gtest-extra-test" end time: Feb 17 10:36 PST
"gtest-extra-test" time elapsed: 00:00:00
----------------------------------------------------------

6/16 Testing: format-test
6/16 Test: format-test
Command: "/home/tadrith/lcc/cis162cpp/fmt/bin/format-test"
Directory: /home/tadrith/lcc/cis162cpp/fmt/test
"format-test" start time: Feb 17 10:36 PST
Output:
----------------------------------------------------------
[==========] Running 118 tests from 13 test cases.
[----------] Global test environment set-up.
[----------] 53 tests from FormatterTest
[ RUN      ] FormatterTest.TestFormattersEnabled
[       OK ] FormatterTest.TestFormattersEnabled (0 ms)
[ RUN      ] FormatterTest.Escape
[       OK ] FormatterTest.Escape (0 ms)
[ RUN      ] FormatterTest.UnmatchedBraces
[       OK ] FormatterTest.UnmatchedBraces (0 ms)
[ RUN      ] FormatterTest.NoArgs
[       OK ] FormatterTest.NoArgs (0 ms)
[ RUN      ] FormatterTest.ArgsInDifferentPositions
[       OK ] FormatterTest.ArgsInDifferentPositions (0 ms)
[ RUN      ] FormatterTest.ArgErrors
[       OK ] FormatterTest.ArgErrors (0 ms)
[ RUN      ] FormatterTest.ManyArgs
[       OK ] FormatterTest.ManyArgs (0 ms)
[ RUN      ] FormatterTest.NamedArg
[       OK ] FormatterTest.NamedArg (0 ms)
[ RUN      ] FormatterTest.AutoArgIndex
[       OK ] FormatterTest.AutoArgIndex (0 ms)
[ RUN      ] FormatterTest.EmptySpecs
[       OK ] FormatterTest.EmptySpecs (0 ms)
[ RUN      ] FormatterTest.LeftAlign
[       OK ] FormatterTest.LeftAlign (0 ms)
[ RUN      ] FormatterTest.RightAlign
[       OK ] FormatterTest.RightAlign (0 ms)
[ RUN      ] FormatterTest.NumericAlign
[       OK ] FormatterTest.NumericAlign (0 ms)
[ RUN      ] FormatterTest.CenterAlign
[       OK ] FormatterTest.CenterAlign (0 ms)
[ RUN      ] FormatterTest.Fill
[       OK ] FormatterTest.Fill (0 ms)
[ RUN      ] FormatterTest.PlusSign
[       OK ] FormatterTest.PlusSign (0 ms)
[ RUN      ] FormatterTest.MinusSign
[       OK ] FormatterTest.MinusSign (0 ms)
[ RUN      ] FormatterTest.SpaceSign
[       OK ] FormatterTest.SpaceSign (1 ms)
[ RUN      ] FormatterTest.HashFlag
[       OK ] FormatterTest.HashFlag (0 ms)
[ RUN      ] FormatterTest.ZeroFlag
[       OK ] FormatterTest.ZeroFlag (0 ms)
[ RUN      ] FormatterTest.Width
[       OK ] FormatterTest.Width (0 ms)
[ RUN      ] FormatterTest.RuntimeWidth
[       OK ] FormatterTest.RuntimeWidth (0 ms)
[ RUN      ] FormatterTest.Precision
[       OK ] FormatterTest.Precision (0 ms)
[ RUN      ] FormatterTest.RuntimePrecision
[       OK ] FormatterTest.RuntimePrecision (1 ms)
[ RUN      ] FormatterTest.FormatShort
[       OK ] FormatterTest.FormatShort (0 ms)
[ RUN      ] FormatterTest.FormatInt
[       OK ] FormatterTest.FormatInt (3 ms)
[ RUN      ] FormatterTest.FormatBin
[       OK ] FormatterTest.FormatBin (0 ms)
[ RUN      ] FormatterTest.FormatDec
[       OK ] FormatterTest.FormatDec (0 ms)
[ RUN      ] FormatterTest.FormatHex
[       OK ] FormatterTest.FormatHex (0 ms)
[ RUN      ] FormatterTest.FormatOct
[       OK ] FormatterTest.FormatOct (0 ms)
[ RUN      ] FormatterTest.FormatIntLocale
[       OK ] FormatterTest.FormatIntLocale (0 ms)
[ RUN      ] FormatterTest.FormatConvertibleToLongLong
[       OK ] FormatterTest.FormatConvertibleToLongLong (0 ms)
[ RUN      ] FormatterTest.FormatFloat
[       OK ] FormatterTest.FormatFloat (0 ms)
[ RUN      ] FormatterTest.FormatDouble
[       OK ] FormatterTest.FormatDouble (3 ms)
[ RUN      ] FormatterTest.FormatNaN
[       OK ] FormatterTest.FormatNaN (0 ms)
[ RUN      ] FormatterTest.FormatInfinity
[       OK ] FormatterTest.FormatInfinity (0 ms)
[ RUN      ] FormatterTest.FormatLongDouble
[       OK ] FormatterTest.FormatLongDouble (0 ms)
[ RUN      ] FormatterTest.FormatChar
[       OK ] FormatterTest.FormatChar (3 ms)
[ RUN      ] FormatterTest.FormatUnsignedChar
[       OK ] FormatterTest.FormatUnsignedChar (0 ms)
[ RUN      ] FormatterTest.FormatWChar
[       OK ] FormatterTest.FormatWChar (0 ms)
[ RUN      ] FormatterTest.FormatCString
[       OK ] FormatterTest.FormatCString (2 ms)
[ RUN      ] FormatterTest.FormatSCharString
[       OK ] FormatterTest.FormatSCharString (0 ms)
[ RUN      ] FormatterTest.FormatUCharString
[       OK ] FormatterTest.FormatUCharString (0 ms)
[ RUN      ] FormatterTest.FormatPointer
[       OK ] FormatterTest.FormatPointer (2 ms)
[ RUN      ] FormatterTest.FormatString
[       OK ] FormatterTest.FormatString (0 ms)
[ RUN      ] FormatterTest.FormatStringView
[       OK ] FormatterTest.FormatStringView (0 ms)
[ RUN      ] FormatterTest.FormatCustom
[       OK ] FormatterTest.FormatCustom (0 ms)
[ RUN      ] FormatterTest.CustomFormat
[       OK ] FormatterTest.CustomFormat (0 ms)
[ RUN      ] FormatterTest.CustomFormatTo
[       OK ] FormatterTest.CustomFormatTo (0 ms)
[ RUN      ] FormatterTest.WideFormatString
[       OK ] FormatterTest.WideFormatString (0 ms)
[ RUN      ] FormatterTest.FormatStringFromSpeedTest
[       OK ] FormatterTest.FormatStringFromSpeedTest (0 ms)
[ RUN      ] FormatterTest.FormatExamples
[       OK ] FormatterTest.FormatExamples (0 ms)
[ RUN      ] FormatterTest.Examples
[       OK ] FormatterTest.Examples (0 ms)
[----------] 53 tests from FormatterTest (15 ms total)

[----------] 7 tests from UtilTest
[ RUN      ] UtilTest.CountDigits
[       OK ] UtilTest.CountDigits (0 ms)
[ RUN      ] UtilTest.BitCast
[       OK ] UtilTest.BitCast (0 ms)
[ RUN      ] UtilTest.Increment
[       OK ] UtilTest.Increment (0 ms)
[ RUN      ] UtilTest.ParseNonnegativeInt
Skipping parse_nonnegative_int test
[       OK ] UtilTest.ParseNonnegativeInt (0 ms)
[ RUN      ] UtilTest.FormatSystemError
[       OK ] UtilTest.FormatSystemError (0 ms)
[ RUN      ] UtilTest.SystemError
[       OK ] UtilTest.SystemError (0 ms)
[ RUN      ] UtilTest.ReportSystemError
[       OK ] UtilTest.ReportSystemError (0 ms)
[----------] 7 tests from UtilTest (0 ms total)

[----------] 4 tests from IteratorTest
[ RUN      ] IteratorTest.CountingIterator
[       OK ] IteratorTest.CountingIterator (0 ms)
[ RUN      ] IteratorTest.TruncatingIterator
[       OK ] IteratorTest.TruncatingIterator (0 ms)
[ RUN      ] IteratorTest.TruncatingBackInserter
[       OK ] IteratorTest.TruncatingBackInserter (0 ms)
[ RUN      ] IteratorTest.IsOutputIterator
[       OK ] IteratorTest.IsOutputIterator (0 ms)
[----------] 4 tests from IteratorTest (0 ms total)

[----------] 6 tests from MemoryBufferTest
[ RUN      ] MemoryBufferTest.Ctor
[       OK ] MemoryBufferTest.Ctor (0 ms)
[ RUN      ] MemoryBufferTest.MoveCtor
[       OK ] MemoryBufferTest.MoveCtor (0 ms)
[ RUN      ] MemoryBufferTest.MoveAssignment
[       OK ] MemoryBufferTest.MoveAssignment (0 ms)
[ RUN      ] MemoryBufferTest.Grow
[       OK ] MemoryBufferTest.Grow (1 ms)
[ RUN      ] MemoryBufferTest.Allocator
[       OK ] MemoryBufferTest.Allocator (0 ms)
[ RUN      ] MemoryBufferTest.ExceptionInDeallocate
[       OK ] MemoryBufferTest.ExceptionInDeallocate (0 ms)
[----------] 6 tests from MemoryBufferTest (1 ms total)

[----------] 1 test from AllocatorTest
[ RUN      ] AllocatorTest.allocator_ref
[       OK ] AllocatorTest.allocator_ref (0 ms)
[----------] 1 test from AllocatorTest (0 ms total)

[----------] 1 test from StringViewTest
[ RUN      ] StringViewTest.Ctor
[       OK ] StringViewTest.Ctor (0 ms)
[----------] 1 test from StringViewTest (0 ms total)

[----------] 12 tests from WriterTest
[ RUN      ] WriterTest.Data
[       OK ] WriterTest.Data (0 ms)
[ RUN      ] WriterTest.WriteInt
[       OK ] WriterTest.WriteInt (0 ms)
[ RUN      ] WriterTest.WriteLong
[       OK ] WriterTest.WriteLong (0 ms)
[ RUN      ] WriterTest.WriteLongLong
[       OK ] WriterTest.WriteLongLong (0 ms)
[ RUN      ] WriterTest.WriteDouble
[       OK ] WriterTest.WriteDouble (0 ms)
[ RUN      ] WriterTest.WriteLongDouble
[       OK ] WriterTest.WriteLongDouble (0 ms)
[ RUN      ] WriterTest.WriteDoubleAtBufferBoundary
[       OK ] WriterTest.WriteDoubleAtBufferBoundary (0 ms)
[ RUN      ] WriterTest.WriteDoubleWithFilledBuffer
[       OK ] WriterTest.WriteDoubleWithFilledBuffer (0 ms)
[ RUN      ] WriterTest.WriteChar
[       OK ] WriterTest.WriteChar (0 ms)
[ RUN      ] WriterTest.WriteWideChar
[       OK ] WriterTest.WriteWideChar (0 ms)
[ RUN      ] WriterTest.WriteString
[       OK ] WriterTest.WriteString (0 ms)
[ RUN      ] WriterTest.WriteWideString
[       OK ] WriterTest.WriteWideString (0 ms)
[----------] 12 tests from WriterTest (0 ms total)

[----------] 5 tests from FormatToTest
[ RUN      ] FormatToTest.FormatWithoutArgs
[       OK ] FormatToTest.FormatWithoutArgs (0 ms)
[ RUN      ] FormatToTest.Format
[       OK ] FormatToTest.Format (0 ms)
[ RUN      ] FormatToTest.WideString
[       OK ] FormatToTest.WideString (0 ms)
[ RUN      ] FormatToTest.FormatToNonbackInsertIteratorWithSignAndNumericAlignment
[       OK ] FormatToTest.FormatToNonbackInsertIteratorWithSignAndNumericAlignment (0 ms)
[ RUN      ] FormatToTest.FormatToMemoryBuffer
[       OK ] FormatToTest.FormatToMemoryBuffer (0 ms)
[----------] 5 tests from FormatToTest (0 ms total)

[----------] 1 test from BoolTest
[ RUN      ] BoolTest.FormatBool
[       OK ] BoolTest.FormatBool (0 ms)
[----------] 1 test from BoolTest (0 ms total)

[----------] 3 tests from FormatIntTest
[ RUN      ] FormatIntTest.Data
[       OK ] FormatIntTest.Data (0 ms)
[ RUN      ] FormatIntTest.FormatInt
[       OK ] FormatIntTest.FormatInt (0 ms)
[ RUN      ] FormatIntTest.FormatDec
[       OK ] FormatIntTest.FormatDec (0 ms)
[----------] 3 tests from FormatIntTest (0 ms total)

[----------] 22 tests from FormatTest
[ RUN      ] FormatTest.Print
[       OK ] FormatTest.Print (0 ms)
[ RUN      ] FormatTest.Variadic
[       OK ] FormatTest.Variadic (0 ms)
[ RUN      ] FormatTest.Dynamic
[       OK ] FormatTest.Dynamic (0 ms)
[ RUN      ] FormatTest.JoinArg
[       OK ] FormatTest.JoinArg (0 ms)
[ RUN      ] FormatTest.FormatMessageExample
[       OK ] FormatTest.FormatMessageExample (0 ms)
[ RUN      ] FormatTest.UnpackedArgs
[       OK ] FormatTest.UnpackedArgs (0 ms)
[ RUN      ] FormatTest.UdlTemplate
[       OK ] FormatTest.UdlTemplate (0 ms)
[ RUN      ] FormatTest.Enum
[       OK ] FormatTest.Enum (0 ms)
[ RUN      ] FormatTest.EnumFormatterUnambiguous
[       OK ] FormatTest.EnumFormatterUnambiguous (0 ms)
[ RUN      ] FormatTest.CustomArgFormatter
[       OK ] FormatTest.CustomArgFormatter (0 ms)
[ RUN      ] FormatTest.NonNullTerminatedFormatString
[       OK ] FormatTest.NonNullTerminatedFormatString (0 ms)
[ RUN      ] FormatTest.DynamicFormatter
[       OK ] FormatTest.DynamicFormatter (0 ms)
[ RUN      ] FormatTest.ToString
[       OK ] FormatTest.ToString (0 ms)
[ RUN      ] FormatTest.ToWString
[       OK ] FormatTest.ToWString (0 ms)
[ RUN      ] FormatTest.OutputIterators
[       OK ] FormatTest.OutputIterators (0 ms)
[ RUN      ] FormatTest.FormattedSize
[       OK ] FormatTest.FormattedSize (0 ms)
[ RUN      ] FormatTest.FormatToN
[       OK ] FormatTest.FormatToN (0 ms)
[ RUN      ] FormatTest.WideFormatToN
[       OK ] FormatTest.WideFormatToN (0 ms)
[ RUN      ] FormatTest.ConstructU8StringViewFromCString
[       OK ] FormatTest.ConstructU8StringViewFromCString (0 ms)
[ RUN      ] FormatTest.ConstructU8StringViewFromDataAndSize
[       OK ] FormatTest.ConstructU8StringViewFromDataAndSize (0 ms)
[ RUN      ] FormatTest.U8StringViewLiteral
[       OK ] FormatTest.U8StringViewLiteral (0 ms)
[ RUN      ] FormatTest.FormatU8String
[       OK ] FormatTest.FormatU8String (0 ms)
[----------] 22 tests from FormatTest (0 ms total)

[----------] 1 test from StrTest
[ RUN      ] StrTest.Convert
[       OK ] StrTest.Convert (0 ms)
[----------] 1 test from StrTest (0 ms total)

[----------] 2 tests from LiteralsTest
[ RUN      ] LiteralsTest.Format
[       OK ] LiteralsTest.Format (0 ms)
[ RUN      ] LiteralsTest.NamedArg
[       OK ] LiteralsTest.NamedArg (0 ms)
[----------] 2 tests from LiteralsTest (1 ms total)

[----------] Global test environment tear-down
[==========] 118 tests from 13 test cases ran. (17 ms total)
[  PASSED  ] 118 tests.
<end of output>
Test time =   0.02 sec
----------------------------------------------------------
Test Passed.
"format-test" end time: Feb 17 10:36 PST
"format-test" time elapsed: 00:00:00
----------------------------------------------------------

7/16 Testing: format-impl-test
7/16 Test: format-impl-test
Command: "/home/tadrith/lcc/cis162cpp/fmt/bin/format-impl-test"
Directory: /home/tadrith/lcc/cis162cpp/fmt/test
"format-impl-test" start time: Feb 17 10:36 PST
Output:
----------------------------------------------------------
[==========] Running 15 tests from 3 test cases.
[----------] Global test environment set-up.
[----------] 8 tests from FPTest
[ RUN      ] FPTest.ConstructFromDouble
[       OK ] FPTest.ConstructFromDouble (0 ms)
[ RUN      ] FPTest.Normalize
[       OK ] FPTest.Normalize (0 ms)
[ RUN      ] FPTest.ComputeBoundariesSubnormal
[       OK ] FPTest.ComputeBoundariesSubnormal (0 ms)
[ RUN      ] FPTest.ComputeBoundaries
[       OK ] FPTest.ComputeBoundaries (0 ms)
[ RUN      ] FPTest.Subtract
[       OK ] FPTest.Subtract (0 ms)
[ RUN      ] FPTest.Multiply
[       OK ] FPTest.Multiply (0 ms)
[ RUN      ] FPTest.GetCachedPower
[       OK ] FPTest.GetCachedPower (0 ms)
[ RUN      ] FPTest.Grisu2FormatCompilesWithNonIEEEDouble
[       OK ] FPTest.Grisu2FormatCompilesWithNonIEEEDouble (0 ms)
[----------] 8 tests from FPTest (0 ms total)

[----------] 5 tests from FormatTest
[ RUN      ] FormatTest.ArgConverter
[       OK ] FormatTest.ArgConverter (0 ms)
[ RUN      ] FormatTest.FormatNegativeNaN
[       OK ] FormatTest.FormatNegativeNaN (0 ms)
[ RUN      ] FormatTest.StrError
[       OK ] FormatTest.StrError (0 ms)
[ RUN      ] FormatTest.FormatErrorCode
[       OK ] FormatTest.FormatErrorCode (0 ms)
[ RUN      ] FormatTest.CountCodePoints
[       OK ] FormatTest.CountCodePoints (0 ms)
[----------] 5 tests from FormatTest (0 ms total)

[----------] 2 tests from ColorsTest
[ RUN      ] ColorsTest.ColorsPrint
[       OK ] ColorsTest.ColorsPrint (1 ms)
[ RUN      ] ColorsTest.ColorsFormat
[       OK ] ColorsTest.ColorsFormat (0 ms)
[----------] 2 tests from ColorsTest (1 ms total)

[----------] Global test environment tear-down
[==========] 15 tests from 3 test cases ran. (1 ms total)
[  PASSED  ] 15 tests.
<end of output>
Test time =   0.00 sec
----------------------------------------------------------
Test Passed.
"format-impl-test" end time: Feb 17 10:36 PST
"format-impl-test" time elapsed: 00:00:00
----------------------------------------------------------

8/16 Testing: locale-test
8/16 Test: locale-test
Command: "/home/tadrith/lcc/cis162cpp/fmt/bin/locale-test"
Directory: /home/tadrith/lcc/cis162cpp/fmt/test
"locale-test" start time: Feb 17 10:36 PST
Output:
----------------------------------------------------------
[==========] Running 2 tests from 1 test case.
[----------] Global test environment set-up.
[----------] 2 tests from LocaleTest
[ RUN      ] LocaleTest.Format
[       OK ] LocaleTest.Format (0 ms)
[ RUN      ] LocaleTest.WFormat
[       OK ] LocaleTest.WFormat (0 ms)
[----------] 2 tests from LocaleTest (0 ms total)

[----------] Global test environment tear-down
[==========] 2 tests from 1 test case ran. (1 ms total)
[  PASSED  ] 2 tests.
<end of output>
Test time =   0.00 sec
----------------------------------------------------------
Test Passed.
"locale-test" end time: Feb 17 10:36 PST
"locale-test" time elapsed: 00:00:00
----------------------------------------------------------

9/16 Testing: ostream-test
9/16 Test: ostream-test
Command: "/home/tadrith/lcc/cis162cpp/fmt/bin/ostream-test"
Directory: /home/tadrith/lcc/cis162cpp/fmt/test
"ostream-test" start time: Feb 17 10:36 PST
Output:
----------------------------------------------------------
[==========] Running 12 tests from 2 test cases.
[----------] Global test environment set-up.
[----------] 10 tests from OStreamTest
[ RUN      ] OStreamTest.Enum
[       OK ] OStreamTest.Enum (0 ms)
[ RUN      ] OStreamTest.CustomArg
[       OK ] OStreamTest.CustomArg (0 ms)
[ RUN      ] OStreamTest.Format
[       OK ] OStreamTest.Format (0 ms)
[ RUN      ] OStreamTest.FormatSpecs
[       OK ] OStreamTest.FormatSpecs (0 ms)
[ RUN      ] OStreamTest.EmptyCustomOutput
[       OK ] OStreamTest.EmptyCustomOutput (0 ms)
[ RUN      ] OStreamTest.Print
[       OK ] OStreamTest.Print (0 ms)
[ RUN      ] OStreamTest.WriteToOStream
[       OK ] OStreamTest.WriteToOStream (0 ms)
[ RUN      ] OStreamTest.WriteToOStreamMaxSize
[       OK ] OStreamTest.WriteToOStreamMaxSize (0 ms)
[ RUN      ] OStreamTest.Join
[       OK ] OStreamTest.Join (0 ms)
[ RUN      ] OStreamTest.Template
[       OK ] OStreamTest.Template (0 ms)
[----------] 10 tests from OStreamTest (0 ms total)

[----------] 2 tests from FormatTest
[ RUN      ] FormatTest.FormatToN
[       OK ] FormatTest.FormatToN (0 ms)
[ RUN      ] FormatTest.UDL
[       OK ] FormatTest.UDL (0 ms)
[----------] 2 tests from FormatTest (0 ms total)

[----------] Global test environment tear-down
[==========] 12 tests from 2 test cases ran. (0 ms total)
[  PASSED  ] 12 tests.
<end of output>
Test time =   0.00 sec
----------------------------------------------------------
Test Passed.
"ostream-test" end time: Feb 17 10:36 PST
"ostream-test" time elapsed: 00:00:00
----------------------------------------------------------

10/16 Testing: prepare-test
10/16 Test: prepare-test
Command: "/home/tadrith/lcc/cis162cpp/fmt/bin/prepare-test"
Directory: /home/tadrith/lcc/cis162cpp/fmt/test
"prepare-test" start time: Feb 17 10:36 PST
Output:
----------------------------------------------------------
[==========] Running 19 tests from 2 test cases.
[----------] Global test environment set-up.
[----------] 18 tests from PrepareTest
[ RUN      ] PrepareTest.FormatPart_ComparisonOperators
[       OK ] PrepareTest.FormatPart_ComparisonOperators (0 ms)
[ RUN      ] PrepareTest.FormatPreparationHandler_OnText_AddsPartWithText
[       OK ] PrepareTest.FormatPreparationHandler_OnText_AddsPartWithText (0 ms)
[ RUN      ] PrepareTest.FormatPreparationHandler_OnArgId_AddsPartWithIncrementedId
[       OK ] PrepareTest.FormatPreparationHandler_OnArgId_AddsPartWithIncrementedId (0 ms)
[ RUN      ] PrepareTest.FormatPreparationHandler_OnArgId_AddsPartWithPassedId
[       OK ] PrepareTest.FormatPreparationHandler_OnArgId_AddsPartWithPassedId (0 ms)
[ RUN      ] PrepareTest.FormatPreparationHandler_OnArgId_AddsPartWithPassedNamedId
[       OK ] PrepareTest.FormatPreparationHandler_OnArgId_AddsPartWithPassedNamedId (0 ms)
[ RUN      ] PrepareTest.FormatPreparationHandler_OnReplacementField_SetsEndOfArgumentId
[       OK ] PrepareTest.FormatPreparationHandler_OnReplacementField_SetsEndOfArgumentId (0 ms)
[ RUN      ] PrepareTest.FormatPreparationHandlerLastPartArgIndex_OnFormatSpecs_UpdatesLastAddedPart
[       OK ] PrepareTest.FormatPreparationHandlerLastPartArgIndex_OnFormatSpecs_UpdatesLastAddedPart (0 ms)
[ RUN      ] PrepareTest.FormatPreparationHandlerLastPartNamedArgIndex_OnFormatSpecs_UpdatesLastAddedPart
[       OK ] PrepareTest.FormatPreparationHandlerLastPartNamedArgIndex_OnFormatSpecs_UpdatesLastAddedPart (0 ms)
[ RUN      ] PrepareTest.CopyPreparedFormat_InternalStringViewsAreNotInvalidated
[       OK ] PrepareTest.CopyPreparedFormat_InternalStringViewsAreNotInvalidated (0 ms)
[ RUN      ] PrepareTest.UserProvidedPartsContainerUnderlyingContainer
[       OK ] PrepareTest.UserProvidedPartsContainerUnderlyingContainer (0 ms)
[ RUN      ] PrepareTest.UserProvidedPartsContainer
[       OK ] PrepareTest.UserProvidedPartsContainer (0 ms)
[ RUN      ] PrepareTest.PassConstCharPointerFormat
[       OK ] PrepareTest.PassConstCharPointerFormat (0 ms)
[ RUN      ] PrepareTest.PassCharArrayFormat
[       OK ] PrepareTest.PassCharArrayFormat (0 ms)
[ RUN      ] PrepareTest.PassConstCharArrayFormat
[       OK ] PrepareTest.PassConstCharArrayFormat (0 ms)
[ RUN      ] PrepareTest.PassStringLiteralFormat
[       OK ] PrepareTest.PassStringLiteralFormat (0 ms)
[ RUN      ] PrepareTest.PassStringViewFormat
[       OK ] PrepareTest.PassStringViewFormat (0 ms)
[ RUN      ] PrepareTest.PassBasicStringFormat
[       OK ] PrepareTest.PassBasicStringFormat (0 ms)
[ RUN      ] PrepareTest.PassUserTypeFormat
[       OK ] PrepareTest.PassUserTypeFormat (0 ms)
[----------] 18 tests from PrepareTest (0 ms total)

[----------] 1 test from PepareTest
[ RUN      ] PepareTest.ReusedPreparedFormatType
[       OK ] PepareTest.ReusedPreparedFormatType (0 ms)
[----------] 1 test from PepareTest (0 ms total)

[----------] Global test environment tear-down
[==========] 19 tests from 2 test cases ran. (0 ms total)
[  PASSED  ] 19 tests.
<end of output>
Test time =   0.00 sec
----------------------------------------------------------
Test Passed.
"prepare-test" end time: Feb 17 10:36 PST
"prepare-test" time elapsed: 00:00:00
----------------------------------------------------------

11/16 Testing: printf-test
11/16 Test: printf-test
Command: "/home/tadrith/lcc/cis162cpp/fmt/bin/printf-test"
Directory: /home/tadrith/lcc/cis162cpp/fmt/test
"printf-test" start time: Feb 17 10:36 PST
Output:
----------------------------------------------------------
[==========] Running 40 tests from 1 test case.
[----------] Global test environment set-up.
[----------] 40 tests from PrintfTest
[ RUN      ] PrintfTest.NoArgs
[       OK ] PrintfTest.NoArgs (0 ms)
[ RUN      ] PrintfTest.Escape
[       OK ] PrintfTest.Escape (0 ms)
[ RUN      ] PrintfTest.PositionalArgs
[       OK ] PrintfTest.PositionalArgs (0 ms)
[ RUN      ] PrintfTest.AutomaticArgIndexing
[       OK ] PrintfTest.AutomaticArgIndexing (0 ms)
[ RUN      ] PrintfTest.NumberIsTooBigInArgIndex
[       OK ] PrintfTest.NumberIsTooBigInArgIndex (0 ms)
[ RUN      ] PrintfTest.SwitchArgIndexing
[       OK ] PrintfTest.SwitchArgIndexing (0 ms)
[ RUN      ] PrintfTest.InvalidArgIndex
[       OK ] PrintfTest.InvalidArgIndex (0 ms)
[ RUN      ] PrintfTest.DefaultAlignRight
[       OK ] PrintfTest.DefaultAlignRight (0 ms)
[ RUN      ] PrintfTest.ZeroFlag
[       OK ] PrintfTest.ZeroFlag (0 ms)
[ RUN      ] PrintfTest.PlusFlag
[       OK ] PrintfTest.PlusFlag (0 ms)
[ RUN      ] PrintfTest.MinusFlag
[       OK ] PrintfTest.MinusFlag (0 ms)
[ RUN      ] PrintfTest.SpaceFlag
[       OK ] PrintfTest.SpaceFlag (0 ms)
[ RUN      ] PrintfTest.HashFlag
[       OK ] PrintfTest.HashFlag (0 ms)
[ RUN      ] PrintfTest.Width
[       OK ] PrintfTest.Width (0 ms)
[ RUN      ] PrintfTest.DynamicWidth
[       OK ] PrintfTest.DynamicWidth (0 ms)
[ RUN      ] PrintfTest.IntPrecision
[       OK ] PrintfTest.IntPrecision (0 ms)
[ RUN      ] PrintfTest.FloatPrecision
[       OK ] PrintfTest.FloatPrecision (0 ms)
[ RUN      ] PrintfTest.IgnorePrecisionForNonNumericArg
[       OK ] PrintfTest.IgnorePrecisionForNonNumericArg (0 ms)
[ RUN      ] PrintfTest.DynamicPrecision
[       OK ] PrintfTest.DynamicPrecision (0 ms)
[ RUN      ] PrintfTest.Length
[       OK ] PrintfTest.Length (1 ms)
[ RUN      ] PrintfTest.Bool
[       OK ] PrintfTest.Bool (0 ms)
[ RUN      ] PrintfTest.Int
[       OK ] PrintfTest.Int (0 ms)
[ RUN      ] PrintfTest.long_long
[       OK ] PrintfTest.long_long (0 ms)
[ RUN      ] PrintfTest.Float
[       OK ] PrintfTest.Float (0 ms)
[ RUN      ] PrintfTest.Inf
[       OK ] PrintfTest.Inf (0 ms)
[ RUN      ] PrintfTest.Char
[       OK ] PrintfTest.Char (0 ms)
[ RUN      ] PrintfTest.String
[       OK ] PrintfTest.String (0 ms)
[ RUN      ] PrintfTest.Pointer
[       OK ] PrintfTest.Pointer (0 ms)
[ RUN      ] PrintfTest.Location
[       OK ] PrintfTest.Location (0 ms)
[ RUN      ] PrintfTest.Enum
[       OK ] PrintfTest.Enum (0 ms)
[ RUN      ] PrintfTest.Examples
[       OK ] PrintfTest.Examples (0 ms)
[ RUN      ] PrintfTest.PrintfError
[       OK ] PrintfTest.PrintfError (0 ms)
[ RUN      ] PrintfTest.WideString
[       OK ] PrintfTest.WideString (0 ms)
[ RUN      ] PrintfTest.PrintfCustom
[       OK ] PrintfTest.PrintfCustom (0 ms)
[ RUN      ] PrintfTest.OStream
[       OK ] PrintfTest.OStream (0 ms)
[ RUN      ] PrintfTest.VPrintf
[       OK ] PrintfTest.VPrintf (0 ms)
[ RUN      ] PrintfTest.CheckFormatStringRegression
[       OK ] PrintfTest.CheckFormatStringRegression (0 ms)
[ RUN      ] PrintfTest.VSPrintfMakeArgsExample
[       OK ] PrintfTest.VSPrintfMakeArgsExample (0 ms)
[ RUN      ] PrintfTest.VSPrintfMakeWArgsExample
[       OK ] PrintfTest.VSPrintfMakeWArgsExample (0 ms)
[ RUN      ] PrintfTest.snprintf
[       OK ] PrintfTest.snprintf (0 ms)
[----------] 40 tests from PrintfTest (3 ms total)

[----------] Global test environment tear-down
[==========] 40 tests from 1 test case ran. (3 ms total)
[  PASSED  ] 40 tests.
<end of output>
Test time =   0.01 sec
----------------------------------------------------------
Test Passed.
"printf-test" end time: Feb 17 10:36 PST
"printf-test" time elapsed: 00:00:00
----------------------------------------------------------

12/16 Testing: time-test
12/16 Test: time-test
Command: "/home/tadrith/lcc/cis162cpp/fmt/bin/time-test"
Directory: /home/tadrith/lcc/cis162cpp/fmt/test
"time-test" start time: Feb 17 10:36 PST
Output:
----------------------------------------------------------
[==========] Running 6 tests from 1 test case.
[----------] Global test environment set-up.
[----------] 6 tests from TimeTest
[ RUN      ] TimeTest.Format
[       OK ] TimeTest.Format (0 ms)
[ RUN      ] TimeTest.GrowBuffer
[       OK ] TimeTest.GrowBuffer (0 ms)
[ RUN      ] TimeTest.FormatToEmptyContainer
[       OK ] TimeTest.FormatToEmptyContainer (0 ms)
[ RUN      ] TimeTest.EmptyResult
[       OK ] TimeTest.EmptyResult (0 ms)
[ RUN      ] TimeTest.LocalTime
[       OK ] TimeTest.LocalTime (0 ms)
[ RUN      ] TimeTest.GMTime
[       OK ] TimeTest.GMTime (0 ms)
[----------] 6 tests from TimeTest (0 ms total)

[----------] Global test environment tear-down
[==========] 6 tests from 1 test case ran. (0 ms total)
[  PASSED  ] 6 tests.
<end of output>
Test time =   0.00 sec
----------------------------------------------------------
Test Passed.
"time-test" end time: Feb 17 10:36 PST
"time-test" time elapsed: 00:00:00
----------------------------------------------------------

13/16 Testing: custom-formatter-test
13/16 Test: custom-formatter-test
Command: "/home/tadrith/lcc/cis162cpp/fmt/bin/custom-formatter-test"
Directory: /home/tadrith/lcc/cis162cpp/fmt/test
"custom-formatter-test" start time: Feb 17 10:36 PST
Output:
----------------------------------------------------------
[==========] Running 1 test from 1 test case.
[----------] Global test environment set-up.
[----------] 1 test from CustomFormatterTest
[ RUN      ] CustomFormatterTest.Format
[       OK ] CustomFormatterTest.Format (0 ms)
[----------] 1 test from CustomFormatterTest (0 ms total)

[----------] Global test environment tear-down
[==========] 1 test from 1 test case ran. (0 ms total)
[  PASSED  ] 1 test.
<end of output>
Test time =   0.00 sec
----------------------------------------------------------
Test Passed.
"custom-formatter-test" end time: Feb 17 10:36 PST
"custom-formatter-test" time elapsed: 00:00:00
----------------------------------------------------------

14/16 Testing: ranges-test
14/16 Test: ranges-test
Command: "/home/tadrith/lcc/cis162cpp/fmt/bin/ranges-test"
Directory: /home/tadrith/lcc/cis162cpp/fmt/test
"ranges-test" start time: Feb 17 10:36 PST
Output:
----------------------------------------------------------
[==========] Running 0 tests from 0 test cases.
[==========] 0 tests from 0 test cases ran. (0 ms total)
[  PASSED  ] 0 tests.
<end of output>
Test time =   0.00 sec
----------------------------------------------------------
Test Passed.
"ranges-test" end time: Feb 17 10:36 PST
"ranges-test" time elapsed: 00:00:00
----------------------------------------------------------

15/16 Testing: posix-mock-test
15/16 Test: posix-mock-test
Command: "/home/tadrith/lcc/cis162cpp/fmt/bin/posix-mock-test"
Directory: /home/tadrith/lcc/cis162cpp/fmt/test
"posix-mock-test" start time: Feb 17 10:36 PST
Output:
----------------------------------------------------------
[==========] Running 21 tests from 5 test cases.
[----------] Global test environment set-up.
[----------] 1 test from UtilTest
[ RUN      ] UtilTest.GetPageSize
[       OK ] UtilTest.GetPageSize (0 ms)
[----------] 1 test from UtilTest (0 ms total)

[----------] 12 tests from FileTest
[ RUN      ] FileTest.OpenRetry
[       OK ] FileTest.OpenRetry (0 ms)
[ RUN      ] FileTest.CloseNoRetryInDtor
[       OK ] FileTest.CloseNoRetryInDtor (0 ms)
[ RUN      ] FileTest.CloseNoRetry
[       OK ] FileTest.CloseNoRetry (0 ms)
[ RUN      ] FileTest.Size
[       OK ] FileTest.Size (0 ms)
[ RUN      ] FileTest.MaxSize
[       OK ] FileTest.MaxSize (1 ms)
[ RUN      ] FileTest.ReadRetry
[       OK ] FileTest.ReadRetry (0 ms)
[ RUN      ] FileTest.WriteRetry
[       OK ] FileTest.WriteRetry (0 ms)
[ RUN      ] FileTest.DupNoRetry
[       OK ] FileTest.DupNoRetry (0 ms)
[ RUN      ] FileTest.Dup2Retry
[       OK ] FileTest.Dup2Retry (0 ms)
[ RUN      ] FileTest.Dup2NoExceptRetry
[       OK ] FileTest.Dup2NoExceptRetry (0 ms)
[ RUN      ] FileTest.PipeNoRetry
[       OK ] FileTest.PipeNoRetry (0 ms)
[ RUN      ] FileTest.FdopenNoRetry
[       OK ] FileTest.FdopenNoRetry (0 ms)
[----------] 12 tests from FileTest (1 ms total)

[----------] 4 tests from BufferedFileTest
[ RUN      ] BufferedFileTest.OpenRetry
[       OK ] BufferedFileTest.OpenRetry (0 ms)
[ RUN      ] BufferedFileTest.CloseNoRetryInDtor
[       OK ] BufferedFileTest.CloseNoRetryInDtor (0 ms)
[ RUN      ] BufferedFileTest.CloseNoRetry
[       OK ] BufferedFileTest.CloseNoRetry (0 ms)
[ RUN      ] BufferedFileTest.FilenoNoRetry
[       OK ] BufferedFileTest.FilenoNoRetry (0 ms)
[----------] 4 tests from BufferedFileTest (0 ms total)

[----------] 1 test from ScopedMock
[ RUN      ] ScopedMock.Scope
[       OK ] ScopedMock.Scope (0 ms)
[----------] 1 test from ScopedMock (0 ms total)

[----------] 3 tests from LocaleTest
[ RUN      ] LocaleTest.LocaleMock
[       OK ] LocaleTest.LocaleMock (0 ms)
[ RUN      ] LocaleTest.Locale
[       OK ] LocaleTest.Locale (0 ms)
[ RUN      ] LocaleTest.Strtod
[       OK ] LocaleTest.Strtod (0 ms)
[----------] 3 tests from LocaleTest (0 ms total)

[----------] Global test environment tear-down
[==========] 21 tests from 5 test cases ran. (1 ms total)
[  PASSED  ] 21 tests.
<end of output>
Test time =   0.00 sec
----------------------------------------------------------
Test Passed.
"posix-mock-test" end time: Feb 17 10:36 PST
"posix-mock-test" time elapsed: 00:00:00
----------------------------------------------------------

16/16 Testing: posix-test
16/16 Test: posix-test
Command: "/home/tadrith/lcc/cis162cpp/fmt/bin/posix-test"
Directory: /home/tadrith/lcc/cis162cpp/fmt/test
"posix-test" start time: Feb 17 10:36 PST
Output:
----------------------------------------------------------
[==========] Running 39 tests from 3 test cases.
[----------] Global test environment set-up.
[----------] 12 tests from BufferedFileTest
[ RUN      ] BufferedFileTest.DefaultCtor
[       OK ] BufferedFileTest.DefaultCtor (0 ms)
[ RUN      ] BufferedFileTest.MoveCtor
[       OK ] BufferedFileTest.MoveCtor (0 ms)
[ RUN      ] BufferedFileTest.MoveAssignment
[       OK ] BufferedFileTest.MoveAssignment (0 ms)
[ RUN      ] BufferedFileTest.MoveAssignmentClosesFile
[       OK ] BufferedFileTest.MoveAssignmentClosesFile (0 ms)
[ RUN      ] BufferedFileTest.MoveFromTemporaryInCtor
[       OK ] BufferedFileTest.MoveFromTemporaryInCtor (0 ms)
[ RUN      ] BufferedFileTest.MoveFromTemporaryInAssignment
[       OK ] BufferedFileTest.MoveFromTemporaryInAssignment (0 ms)
[ RUN      ] BufferedFileTest.MoveFromTemporaryInAssignmentClosesFile
[       OK ] BufferedFileTest.MoveFromTemporaryInAssignmentClosesFile (0 ms)
[ RUN      ] BufferedFileTest.CloseFileInDtor
[       OK ] BufferedFileTest.CloseFileInDtor (0 ms)
[ RUN      ] BufferedFileTest.CloseErrorInDtor
[       OK ] BufferedFileTest.CloseErrorInDtor (0 ms)
[ RUN      ] BufferedFileTest.Close
[       OK ] BufferedFileTest.Close (0 ms)
[ RUN      ] BufferedFileTest.CloseError
[       OK ] BufferedFileTest.CloseError (0 ms)
[ RUN      ] BufferedFileTest.Fileno

[WARNING] /home/tadrith/lcc/cis162cpp/fmt/fmt/test/gmock-gtest-all.cc:7178:: Death tests use fork(), which is unsafe particularly in a threaded context. For this test, Google Test couldn't detect the number of threads.
[       OK ] BufferedFileTest.Fileno (215 ms)
[----------] 12 tests from BufferedFileTest (215 ms total)

[----------] 26 tests from FileTest
[ RUN      ] FileTest.DefaultCtor
[       OK ] FileTest.DefaultCtor (0 ms)
[ RUN      ] FileTest.OpenBufferedFileInCtor
[       OK ] FileTest.OpenBufferedFileInCtor (0 ms)
[ RUN      ] FileTest.OpenBufferedFileError
[       OK ] FileTest.OpenBufferedFileError (0 ms)
[ RUN      ] FileTest.MoveCtor
[       OK ] FileTest.MoveCtor (0 ms)
[ RUN      ] FileTest.MoveAssignment
[       OK ] FileTest.MoveAssignment (0 ms)
[ RUN      ] FileTest.MoveAssignmentClosesFile
[       OK ] FileTest.MoveAssignmentClosesFile (0 ms)
[ RUN      ] FileTest.MoveFromTemporaryInCtor
[       OK ] FileTest.MoveFromTemporaryInCtor (0 ms)
[ RUN      ] FileTest.MoveFromTemporaryInAssignment
[       OK ] FileTest.MoveFromTemporaryInAssignment (0 ms)
[ RUN      ] FileTest.MoveFromTemporaryInAssignmentClosesFile
[       OK ] FileTest.MoveFromTemporaryInAssignmentClosesFile (0 ms)
[ RUN      ] FileTest.CloseFileInDtor
[       OK ] FileTest.CloseFileInDtor (0 ms)
[ RUN      ] FileTest.CloseErrorInDtor
[       OK ] FileTest.CloseErrorInDtor (0 ms)
[ RUN      ] FileTest.Close
[       OK ] FileTest.Close (0 ms)
[ RUN      ] FileTest.CloseError
[       OK ] FileTest.CloseError (0 ms)
[ RUN      ] FileTest.Read
[       OK ] FileTest.Read (0 ms)
[ RUN      ] FileTest.ReadError
[       OK ] FileTest.ReadError (0 ms)
[ RUN      ] FileTest.Write
[       OK ] FileTest.Write (0 ms)
[ RUN      ] FileTest.WriteError
[       OK ] FileTest.WriteError (0 ms)
[ RUN      ] FileTest.Dup
[       OK ] FileTest.Dup (0 ms)
[ RUN      ] FileTest.DupError
[       OK ] FileTest.DupError (0 ms)
[ RUN      ] FileTest.Dup2
[       OK ] FileTest.Dup2 (0 ms)
[ RUN      ] FileTest.Dup2Error
[       OK ] FileTest.Dup2Error (0 ms)
[ RUN      ] FileTest.Dup2NoExcept
[       OK ] FileTest.Dup2NoExcept (0 ms)
[ RUN      ] FileTest.Dup2NoExceptError
[       OK ] FileTest.Dup2NoExceptError (0 ms)
[ RUN      ] FileTest.Pipe
[       OK ] FileTest.Pipe (0 ms)
[ RUN      ] FileTest.Fdopen
[       OK ] FileTest.Fdopen (0 ms)
[ RUN      ] FileTest.FdopenError
[       OK ] FileTest.FdopenError (0 ms)
[----------] 26 tests from FileTest (0 ms total)

[----------] 1 test from LocaleTest
[ RUN      ] LocaleTest.Strtod
[       OK ] LocaleTest.Strtod (0 ms)
[----------] 1 test from LocaleTest (0 ms total)

[----------] Global test environment tear-down
[==========] 39 tests from 3 test cases ran. (215 ms total)
[  PASSED  ] 39 tests.
<end of output>
Test time =   0.22 sec
----------------------------------------------------------
Test Passed.
"posix-test" end time: Feb 17 10:36 PST
"posix-test" time elapsed: 00:00:00
----------------------------------------------------------

End testing: Feb 17 10:36 PST
